<?xml version="1.0" encoding="UTF-8"?>
<testng-results skipped="0" failed="0" ignored="0" total="1" passed="1">
  <reporter-output>
  </reporter-output>
  <suite name="Orange HRM Application Test Automation Test Suite" duration-ms="88029" started-at="2018-12-27T12:41:00Z" finished-at="2018-12-27T12:42:28Z">
    <groups>
    </groups>
    <test name="Organge HRM Test Cases" duration-ms="88029" started-at="2018-12-27T12:41:00Z" finished-at="2018-12-27T12:42:28Z">
      <class name="com.orangehrm.tests.AddEmployeeTest">
        <test-method status="PASS" signature="OpenBroswer()[pri:0, instance:com.orangehrm.tests.AddEmployeeTest@42eca56e]" name="OpenBroswer" is-config="true" duration-ms="17705" started-at="2018-12-27T12:41:00Z" finished-at="2018-12-27T12:41:17Z">
          <reporter-output>
          </reporter-output>
        </test-method> <!-- OpenBroswer -->
        <test-method status="PASS" signature="login()[pri:0, instance:com.orangehrm.tests.AddEmployeeTest@42eca56e]" name="login" is-config="true" duration-ms="13233" started-at="2018-12-27T12:41:17Z" finished-at="2018-12-27T12:41:31Z">
          <reporter-output>
          </reporter-output>
        </test-method> <!-- login -->
        <test-method status="PASS" signature="verifyAddEmployee()[pri:0, instance:com.orangehrm.tests.AddEmployeeTest@42eca56e]" name="verifyAddEmployee" duration-ms="16010" started-at="2018-12-27T12:41:31Z" finished-at="2018-12-27T12:41:47Z">
          <reporter-output>
          </reporter-output>
        </test-method> <!-- verifyAddEmployee -->
        <test-method status="PASS" signature="logout()[pri:0, instance:com.orangehrm.tests.AddEmployeeTest@42eca56e]" name="logout" is-config="true" duration-ms="41036" started-at="2018-12-27T12:41:47Z" finished-at="2018-12-27T12:42:28Z">
          <reporter-output>
          </reporter-output>
        </test-method> <!-- logout -->
      </class> <!-- com.orangehrm.tests.AddEmployeeTest -->
    </test> <!-- Organge HRM Test Cases -->
  </suite> <!-- Orange HRM Application Test Automation Test Suite -->
</testng-results>
